<?xml version="1.0" encoding="utf-8"?><testsuites name="pytest tests"><testsuite name="pytest" errors="0" failures="0" skipped="0" tests="20" time="3.284" timestamp="2026-04-28T10:40:42.924390+00:00" hostname="agent-env-55a8c88f-67b2-4b5f-88a3-aaf37cbea702"><testcase classname="backend.tests.test_coin_connect" name="test_root" time="0.145" /><testcase classname="backend.tests.test_coin_connect" name="test_register" time="0.281" /><testcase classname="backend.tests.test_coin_connect" name="test_register_duplicate" time="0.046" /><testcase classname="backend.tests.test_coin_connect" name="test_login" time="0.269" /><testcase classname="backend.tests.test_coin_connect" name="test_login_invalid" time="0.266" /><testcase classname="backend.tests.test_coin_connect" name="test_me" time="0.047" /><testcase classname="backend.tests.test_coin_connect" name="test_me_unauthorized" time="0.051" /><testcase classname="backend.tests.test_coin_connect" name="test_packs" time="0.046" /><testcase classname="backend.tests.test_coin_connect" name="test_create_order" time="0.920" /><testcase classname="backend.tests.test_coin_connect" name="test_create_order_invalid_pack" time="0.046" /><testcase classname="backend.tests.test_coin_connect" name="test_create_order_unauthorized" time="0.047" /><testcase classname="backend.tests.test_coin_connect" name="test_verify_invalid_signature" time="0.047" /><testcase classname="backend.tests.test_coin_connect" name="test_verify_valid_signature_credits_coins" time="0.056" /><testcase classname="backend.tests.test_coin_connect" name="test_agora_token" time="0.064" /><testcase classname="backend.tests.test_coin_connect" name="test_end_call_deducts_coins" time="0.047" /><testcase classname="backend.tests.test_coin_connect" name="test_agora_token_insufficient_coins" time="0.419" /><testcase classname="backend.tests.test_coin_connect" name="test_agora_token_unauthorized" time="0.046" /><testcase classname="backend.tests.test_coin_connect" name="test_transactions" time="0.047" /><testcase classname="backend.tests.test_coin_connect" name="test_calls" time="0.047" /><testcase classname="backend.tests.test_coin_connect" name="test_smoke_credentials_login" time="0.267" /></testsuite></testsuites>