<?xml version="1.0" encoding="utf-8"?><testsuites name="pytest tests"><testsuite name="pytest" errors="0" failures="0" skipped="0" tests="38" time="11.930" timestamp="2026-05-04T07:05:57.435469+00:00" hostname="agent-env-55a8c88f-67b2-4b5f-88a3-aaf37cbea702"><testcase classname="backend.tests.test_coin_connect" name="test_root" time="0.137" /><testcase classname="backend.tests.test_coin_connect" name="test_register" time="0.289" /><testcase classname="backend.tests.test_coin_connect" name="test_register_duplicate" time="0.047" /><testcase classname="backend.tests.test_coin_connect" name="test_login" time="0.270" /><testcase classname="backend.tests.test_coin_connect" name="test_login_invalid" time="0.273" /><testcase classname="backend.tests.test_coin_connect" name="test_me" time="0.047" /><testcase classname="backend.tests.test_coin_connect" name="test_me_unauthorized" time="0.057" /><testcase classname="backend.tests.test_coin_connect" name="test_packs" time="0.047" /><testcase classname="backend.tests.test_coin_connect" name="test_create_order" time="0.874" /><testcase classname="backend.tests.test_coin_connect" name="test_create_order_invalid_pack" time="0.051" /><testcase classname="backend.tests.test_coin_connect" name="test_create_order_unauthorized" time="0.058" /><testcase classname="backend.tests.test_coin_connect" name="test_verify_invalid_signature" time="0.050" /><testcase classname="backend.tests.test_coin_connect" name="test_verify_valid_signature_credits_coins" time="0.056" /><testcase classname="backend.tests.test_coin_connect" name="test_agora_token" time="0.049" /><testcase classname="backend.tests.test_coin_connect" name="test_end_call_deducts_coins" time="0.052" /><testcase classname="backend.tests.test_coin_connect" name="test_agora_token_insufficient_coins" time="0.431" /><testcase classname="backend.tests.test_coin_connect" name="test_agora_token_unauthorized" time="0.048" /><testcase classname="backend.tests.test_coin_connect" name="test_transactions" time="0.051" /><testcase classname="backend.tests.test_coin_connect" name="test_calls" time="0.050" /><testcase classname="backend.tests.test_coin_connect" name="test_smoke_credentials_login" time="0.275" /><testcase classname="backend.tests.test_new_endpoints" name="test_explore_returns_profiles_and_online_count" time="0.594" /><testcase classname="backend.tests.test_new_endpoints" name="test_explore_unauthorized" time="0.103" /><testcase classname="backend.tests.test_new_endpoints" name="test_google_session_invalid_returns_401" time="0.397" /><testcase classname="backend.tests.test_new_endpoints" name="test_google_session_missing_body_returns_422" time="0.104" /><testcase classname="backend.tests.test_production_features" name="test_packs_returns_razorpay_payment_link" time="0.106" /><testcase classname="backend.tests.test_production_features.TestMatching" name="test_match_join_first_waiting_second_matched" time="1.457" /><testcase classname="backend.tests.test_production_features.TestMatching" name="test_match_clear_and_cancel" time="0.326" /><testcase classname="backend.tests.test_production_features.TestMatching" name="test_preference_filter_prevents_pairing" time="1.201" /><testcase classname="backend.tests.test_production_features.TestMatching" name="test_match_any_pairs" time="1.083" /><testcase classname="backend.tests.test_production_features.TestMatching" name="test_online_count" time="0.106" /><testcase classname="backend.tests.test_production_features.TestChat" name="test_send_message_and_fetch" time="1.003" /><testcase classname="backend.tests.test_production_features.TestChat" name="test_send_empty_message_400" time="0.102" /><testcase classname="backend.tests.test_production_features.TestChat" name="test_send_to_self_400" time="0.104" /><testcase classname="backend.tests.test_production_features.TestChat" name="test_conversations_list" time="0.105" /><testcase classname="backend.tests.test_production_features.TestReportBlock" name="test_report_user" time="0.783" /><testcase classname="backend.tests.test_production_features.TestReportBlock" name="test_report_self_400" time="0.125" /><testcase classname="backend.tests.test_production_features.TestReportBlock" name="test_block_and_list_and_unblock" time="0.796" /><testcase classname="backend.tests.test_production_features.TestReportBlock" name="test_block_self_400" time="0.140" /></testsuite></testsuites>